<?xml version="1.0" encoding="UTF-8"?>
<!-- Generated by org.testng.reporters.JUnitXMLReporter -->
<testsuite ignored="1" hostname="DESKTOP-N0GFKA3" failures="0" tests="3" name="Surefire test" time="0.178" errors="0" timestamp="2023-02-24T12:00:57 IST">
  <testcase classname="TestBase.LoginTest" name="@BeforeMethod setUp" time="-1.677220257086E9">
    <failure type="org.testng.TestNGException" message="
Parameter &amp;apos;browser&amp;apos; is required by BeforeMethod on method setUp but has not been marked @Optional or defined
">
      <![CDATA[org.testng.TestNGException: 
Parameter 'browser' is required by BeforeMethod on method setUp but has not been marked @Optional or defined

at java.base/java.util.ArrayList.forEach(ArrayList.java:1541)
... Removed 33 stack frames]]>
    </failure>
  </testcase> <!-- @BeforeMethod setUp -->
  <testcase classname="TestBase.LoginTest" name="@BeforeMethod setUp" time="0.0">
    <skipped/>
  </testcase> <!-- @BeforeMethod setUp -->
  <testcase classname="TestBase.LoginTest" name="@BeforeMethod setUp" time="0.0">
    <skipped/>
  </testcase> <!-- @BeforeMethod setUp -->
  <testcase classname="TestBase.LoginTest" name="logo" time="0.0">
    <skipped/>
  </testcase> <!-- logo -->
  <testcase classname="TestBase.LoginTest" name="dataLogin" time="0.0">
    <skipped/>
  </testcase> <!-- dataLogin -->
  <testcase classname="TestBase.LoginTest" name="dataLogin" time="0.0">
    <skipped/>
  </testcase> <!-- dataLogin -->
  <testcase classname="TestBase.LoginTest" name="login" time="0.0">
    <ignored/>
  </testcase> <!-- login -->
</testsuite> <!-- Surefire test -->
